<?xml version="1.0" encoding="UTF-8"?>
<testng-results ignored="0" total="4" passed="3" failed="0" skipped="1">
  <reporter-output>
  </reporter-output>
  <suite started-at="2021-10-06T00:44:47 IST" name="Suite" finished-at="2021-10-06T00:44:57 IST" duration-ms="9990">
    <groups>
    </groups>
    <test started-at="2021-10-06T00:44:47 IST" name="Test1" finished-at="2021-10-06T00:44:47 IST" duration-ms="8">
    </test> <!-- Test1 -->
    <test started-at="2021-10-06T00:44:47 IST" name="Test2" finished-at="2021-10-06T00:44:49 IST" duration-ms="1374">
      <class name="SeleniumFramework.Assertion">
        <test-method is-config="true" signature="openbrowser()[pri:0, instance:SeleniumFramework.Assertion@3f390d63]" started-at="2021-10-06T00:44:47 IST" name="openbrowser" finished-at="2021-10-06T00:44:49 IST" duration-ms="1332" status="FAIL">
          <exception class="java.lang.NullPointerException">
            <message>
              <![CDATA[null value in entry: url=null]]>
            </message>
            <full-stacktrace>
              <![CDATA[java.lang.NullPointerException: null value in entry: url=null
at com.google.common.collect.CollectPreconditions.checkEntryNotNull(CollectPreconditions.java:32)
at com.google.common.collect.SingletonImmutableBiMap.<init>(SingletonImmutableBiMap.java:42)
at com.google.common.collect.ImmutableBiMap.of(ImmutableBiMap.java:72)
at com.google.common.collect.ImmutableMap.of(ImmutableMap.java:124)
at org.openqa.selenium.remote.RemoteWebDriver.get(RemoteWebDriver.java:277)
at SeleniumFramework.Assertion.openbrowser(Assertion.java:29)
at java.base/jdk.internal.reflect.NativeMethodAccessorImpl.invoke0(Native Method)
at java.base/jdk.internal.reflect.NativeMethodAccessorImpl.invoke(NativeMethodAccessorImpl.java:78)
at java.base/jdk.internal.reflect.DelegatingMethodAccessorImpl.invoke(DelegatingMethodAccessorImpl.java:43)
at java.base/java.lang.reflect.Method.invoke(Method.java:567)
at org.testng.internal.MethodInvocationHelper.invokeMethod(MethodInvocationHelper.java:133)
at org.testng.internal.MethodInvocationHelper.invokeMethodConsideringTimeout(MethodInvocationHelper.java:62)
at org.testng.internal.ConfigInvoker.invokeConfigurationMethod(ConfigInvoker.java:385)
at org.testng.internal.ConfigInvoker.invokeConfigurations(ConfigInvoker.java:321)
at org.testng.TestRunner.invokeTestConfigurations(TestRunner.java:637)
at org.testng.TestRunner.beforeRun(TestRunner.java:627)
at org.testng.TestRunner.run(TestRunner.java:589)
at org.testng.SuiteRunner.runTest(SuiteRunner.java:377)
at org.testng.SuiteRunner.access$000(SuiteRunner.java:28)
at org.testng.SuiteRunner$SuiteWorker.run(SuiteRunner.java:418)
at org.testng.internal.thread.ThreadUtil.lambda$execute$0(ThreadUtil.java:64)
at java.base/java.util.concurrent.FutureTask.run(FutureTask.java:264)
at java.base/java.util.concurrent.ThreadPoolExecutor.runWorker(ThreadPoolExecutor.java:1130)
at java.base/java.util.concurrent.ThreadPoolExecutor$Worker.run(ThreadPoolExecutor.java:630)
at java.base/java.lang.Thread.run(Thread.java:831)
]]>
            </full-stacktrace>
          </exception> <!-- java.lang.NullPointerException -->
          <reporter-output>
          </reporter-output>
        </test-method> <!-- openbrowser -->
        <test-method signature="assertionTest()[pri:0, instance:SeleniumFramework.Assertion@3f390d63]" started-at="2021-10-06T00:44:49 IST" name="assertionTest" finished-at="2021-10-06T00:44:49 IST" duration-ms="0" status="SKIP">
          <exception class="java.lang.NullPointerException">
            <message>
              <![CDATA[null value in entry: url=null]]>
            </message>
            <full-stacktrace>
              <![CDATA[java.lang.NullPointerException: null value in entry: url=null
at com.google.common.collect.CollectPreconditions.checkEntryNotNull(CollectPreconditions.java:32)
at com.google.common.collect.SingletonImmutableBiMap.<init>(SingletonImmutableBiMap.java:42)
at com.google.common.collect.ImmutableBiMap.of(ImmutableBiMap.java:72)
at com.google.common.collect.ImmutableMap.of(ImmutableMap.java:124)
at org.openqa.selenium.remote.RemoteWebDriver.get(RemoteWebDriver.java:277)
at SeleniumFramework.Assertion.openbrowser(Assertion.java:29)
at java.base/jdk.internal.reflect.NativeMethodAccessorImpl.invoke0(Native Method)
at java.base/jdk.internal.reflect.NativeMethodAccessorImpl.invoke(NativeMethodAccessorImpl.java:78)
at java.base/jdk.internal.reflect.DelegatingMethodAccessorImpl.invoke(DelegatingMethodAccessorImpl.java:43)
at java.base/java.lang.reflect.Method.invoke(Method.java:567)
at org.testng.internal.MethodInvocationHelper.invokeMethod(MethodInvocationHelper.java:133)
at org.testng.internal.MethodInvocationHelper.invokeMethodConsideringTimeout(MethodInvocationHelper.java:62)
at org.testng.internal.ConfigInvoker.invokeConfigurationMethod(ConfigInvoker.java:385)
at org.testng.internal.ConfigInvoker.invokeConfigurations(ConfigInvoker.java:321)
at org.testng.TestRunner.invokeTestConfigurations(TestRunner.java:637)
at org.testng.TestRunner.beforeRun(TestRunner.java:627)
at org.testng.TestRunner.run(TestRunner.java:589)
at org.testng.SuiteRunner.runTest(SuiteRunner.java:377)
at org.testng.SuiteRunner.access$000(SuiteRunner.java:28)
at org.testng.SuiteRunner$SuiteWorker.run(SuiteRunner.java:418)
at org.testng.internal.thread.ThreadUtil.lambda$execute$0(ThreadUtil.java:64)
at java.base/java.util.concurrent.FutureTask.run(FutureTask.java:264)
at java.base/java.util.concurrent.ThreadPoolExecutor.runWorker(ThreadPoolExecutor.java:1130)
at java.base/java.util.concurrent.ThreadPoolExecutor$Worker.run(ThreadPoolExecutor.java:630)
at java.base/java.lang.Thread.run(Thread.java:831)
]]>
            </full-stacktrace>
          </exception> <!-- java.lang.NullPointerException -->
          <reporter-output>
          </reporter-output>
        </test-method> <!-- assertionTest -->
        <test-method is-config="true" signature="browserclose()[pri:0, instance:SeleniumFramework.Assertion@3f390d63]" started-at="2021-10-06T00:44:49 IST" name="browserclose" finished-at="1970-01-01T05:30:00 IST" duration-ms="-1633461289152" status="SKIP">
          <reporter-output>
          </reporter-output>
        </test-method> <!-- browserclose -->
      </class> <!-- SeleniumFramework.Assertion -->
    </test> <!-- Test2 -->
    <test started-at="2021-10-06T00:44:47 IST" name="Test" finished-at="2021-10-06T00:44:55 IST" duration-ms="7873">
      <class name="SeleniumFramework.homePageNavigation">
        <test-method is-config="true" signature="driveropen()[pri:0, instance:SeleniumFramework.homePageNavigation@710b18a6]" started-at="2021-10-06T00:44:47 IST" name="driveropen" finished-at="2021-10-06T00:44:51 IST" duration-ms="3516" status="PASS">
          <reporter-output>
          </reporter-output>
        </test-method> <!-- driveropen -->
        <test-method signature="initialNavigation()[pri:0, instance:SeleniumFramework.homePageNavigation@710b18a6]" started-at="2021-10-06T00:44:51 IST" name="initialNavigation" finished-at="2021-10-06T00:44:55 IST" duration-ms="4137" status="PASS">
          <reporter-output>
          </reporter-output>
        </test-method> <!-- initialNavigation -->
        <test-method is-config="true" signature="driverclose()[pri:0, instance:SeleniumFramework.homePageNavigation@710b18a6]" started-at="2021-10-06T00:44:55 IST" name="driverclose" finished-at="2021-10-06T00:44:55 IST" duration-ms="210" status="PASS">
          <reporter-output>
          </reporter-output>
        </test-method> <!-- driverclose -->
      </class> <!-- SeleniumFramework.homePageNavigation -->
    </test> <!-- Test -->
    <test started-at="2021-10-06T00:44:47 IST" name="Test3" finished-at="2021-10-06T00:44:57 IST" duration-ms="9990">
      <class name="SeleniumFramework.textNGparameterizing">
        <test-method is-config="true" signature="driveropen()[pri:0, instance:SeleniumFramework.textNGparameterizing@4e858e0a]" started-at="2021-10-06T00:44:47 IST" name="driveropen" finished-at="2021-10-06T00:44:51 IST" duration-ms="3633" status="PASS">
          <reporter-output>
          </reporter-output>
        </test-method> <!-- driveropen -->
        <test-method signature="initialNavigation(java.lang.String,java.lang.String)[pri:0, instance:SeleniumFramework.textNGparameterizing@4e858e0a]" started-at="2021-10-06T00:44:51 IST" name="initialNavigation" data-provider="setdata" finished-at="2021-10-06T00:44:55 IST" duration-ms="4295" status="PASS">
          <params>
            <param index="0">
              <value>
                <![CDATA[ profacc.nikita.nainwal@gmail.com]]>
              </value>
            </param>
            <param index="1">
              <value>
                <![CDATA[Niki@7890]]>
              </value>
            </param>
          </params>
          <reporter-output>
          </reporter-output>
        </test-method> <!-- initialNavigation -->
        <test-method signature="initialNavigation(java.lang.String,java.lang.String)[pri:0, instance:SeleniumFramework.textNGparameterizing@4e858e0a]" started-at="2021-10-06T00:44:55 IST" name="initialNavigation" data-provider="setdata" finished-at="2021-10-06T00:44:57 IST" duration-ms="1876" status="PASS">
          <params>
            <param index="0">
              <value>
                <![CDATA[nikitanainwal1997@gmail.com]]>
              </value>
            </param>
            <param index="1">
              <value>
                <![CDATA[Niki@7890]]>
              </value>
            </param>
          </params>
          <reporter-output>
          </reporter-output>
        </test-method> <!-- initialNavigation -->
        <test-method is-config="true" signature="closedriver()[pri:0, instance:SeleniumFramework.textNGparameterizing@4e858e0a]" started-at="2021-10-06T00:44:57 IST" name="closedriver" finished-at="2021-10-06T00:44:57 IST" duration-ms="172" status="PASS">
          <reporter-output>
          </reporter-output>
        </test-method> <!-- closedriver -->
      </class> <!-- SeleniumFramework.textNGparameterizing -->
    </test> <!-- Test3 -->
  </suite> <!-- Suite -->
</testng-results>
